[     473ms] [INFO] %cDownload the React DevTools for a better development experience: https://react.dev/link/react-devtools font-weight:bold @ webpack-internal:///(app-pages-browser)/./node_modules/next/dist/compiled/react-dom/cjs/react-dom-client.development.js:25630
[     493ms] [WARNING] %c%s%c [Metadata Generator] Warnings: background: #e6e6e6;background: light-dark(rgba(0,0,0,0.1), rgba(255,255,255,0.25));color: #000000;color: light-dark(#000000, #ffffff);border-radius: 2px  Server   [Description is 137 characters (min: 140)] @ about://React/Server/webpack-internal:///(rsc)/./src/lib/metadata-generator.ts?0:234
[     494ms] [ERROR] %c%s%c [Metadata Generator] Errors: background: #e6e6e6;background: light-dark(rgba(0,0,0,0.1), rgba(255,255,255,0.25));color: #000000;color: light-dark(#000000, #ffffff);border-radius: 2px  Server   [Title is 62 characters (max: 60)] @ webpack-internal:///(app-pages-browser)/./node_modules/next/dist/next-devtools/userspace/app/errors/intercept-console-error.js:56
[    1073ms] [WARNING] Ignoring Event: localhost @ https://analytics.ahrefs.com/analytics.js:0
[    8802ms] [INFO] %cDownload the React DevTools for a better development experience: https://react.dev/link/react-devtools font-weight:bold @ webpack-internal:///(app-pages-browser)/./node_modules/next/dist/compiled/react-dom/cjs/react-dom-client.development.js:25630
[    8818ms] [WARNING] %c%s%c [Metadata Generator] Warnings: background: #e6e6e6;background: light-dark(rgba(0,0,0,0.1), rgba(255,255,255,0.25));color: #000000;color: light-dark(#000000, #ffffff);border-radius: 2px  Server   [Description is 137 characters (min: 140)] @ about://React/Server/webpack-internal:///(rsc)/./src/lib/metadata-generator.ts?0:234
[    8819ms] [ERROR] %c%s%c [Metadata Generator] Errors: background: #e6e6e6;background: light-dark(rgba(0,0,0,0.1), rgba(255,255,255,0.25));color: #000000;color: light-dark(#000000, #ffffff);border-radius: 2px  Server   [Title is 62 characters (max: 60)] @ webpack-internal:///(app-pages-browser)/./node_modules/next/dist/next-devtools/userspace/app/errors/intercept-console-error.js:56
[    8883ms] [WARNING] Ignoring Event: localhost @ https://analytics.ahrefs.com/analytics.js:0
[   16017ms] [WARNING] Ignoring Event: localhost @ https://analytics.ahrefs.com/analytics.js:0
[   16211ms] [LOG] [Fast Refresh] rebuilding @ webpack-internal:///(app-pages-browser)/./node_modules/next/dist/client/dev/hot-reloader/app/hot-reloader-app.js:196
[   16260ms] [WARNING] The resource http://localhost:3002/images/hero/230422_Chester_Stock_Photography-84.webp was preloaded using link preload but not used within a few seconds from the window's load event. Please make sure it has an appropriate `as` value and it is preloaded intentionally. @ http://localhost:3002/blog/why-your-business-doesnt-show-up-on-google/:0
[   16436ms] [LOG] [Fast Refresh] done in 226ms @ webpack-internal:///(app-pages-browser)/./node_modules/next/dist/client/dev/report-hmr-latency.js:13
[   16479ms] [WARNING] Ignoring Event: localhost @ https://analytics.ahrefs.com/analytics.js:0
[   16486ms] [WARNING] Detected `scroll-behavior: smooth` on the `<html>` element. In a future version, Next.js will no longer automatically disable smooth scrolling during route transitions. To prepare for this change, add `data-scroll-behavior="smooth"` to your <html> element. Learn more: https://nextjs.org/docs/messages/missing-data-scroll-behavior @ webpack-internal:///(app-pages-browser)/./node_modules/next/dist/shared/lib/utils/warn-once.js:15
[   20845ms] [WARNING] Ignoring Event: localhost @ https://analytics.ahrefs.com/analytics.js:0
[   20908ms] [WARNING] %c%s%c [Metadata Generator] Warnings: background: #e6e6e6;background: light-dark(rgba(0,0,0,0.1), rgba(255,255,255,0.25));color: #000000;color: light-dark(#000000, #ffffff);border-radius: 2px  Server   [Description is 137 characters (min: 140)] @ about://React/Server/webpack-internal:///(rsc)/./src/lib/metadata-generator.ts?0:234
[   20909ms] [ERROR] %c%s%c [Metadata Generator] Errors: background: #e6e6e6;background: light-dark(rgba(0,0,0,0.1), rgba(255,255,255,0.25));color: #000000;color: light-dark(#000000, #ffffff);border-radius: 2px  Server   [Title is 62 characters (max: 60)] @ webpack-internal:///(app-pages-browser)/./node_modules/next/dist/next-devtools/userspace/app/errors/intercept-console-error.js:56
[   20933ms] [WARNING] Ignoring Event: localhost @ https://analytics.ahrefs.com/analytics.js:0
[   21895ms] [LOG] Scroll depth: 25% on /blog/why-your-business-doesnt-show-up-on-google/ @ webpack-internal:///(app-pages-browser)/./src/hooks/useScrollDepth.ts:37
[   25491ms] [WARNING] The resource http://localhost:3002/images/hero/230422_Chester_Stock_Photography-84.webp was preloaded using link preload but not used within a few seconds from the window's load event. Please make sure it has an appropriate `as` value and it is preloaded intentionally. @ http://localhost:3002/blog/why-your-business-doesnt-show-up-on-google/:0
[   28655ms] [WARNING] The resource http://localhost:3002/images/hero/230422_Chester_Stock_Photography-84.webp was preloaded using link preload but not used within a few seconds from the window's load event. Please make sure it has an appropriate `as` value and it is preloaded intentionally. @ http://localhost:3002/blog/why-your-business-doesnt-show-up-on-google/:0
[   31742ms] [WARNING] The resource http://localhost:3002/images/hero/230422_Chester_Stock_Photography-84.webp was preloaded using link preload but not used within a few seconds from the window's load event. Please make sure it has an appropriate `as` value and it is preloaded intentionally. @ http://localhost:3002/blog/why-your-business-doesnt-show-up-on-google/:0
[   36647ms] [WARNING] The resource http://localhost:3002/images/hero/230422_Chester_Stock_Photography-84.webp was preloaded using link preload but not used within a few seconds from the window's load event. Please make sure it has an appropriate `as` value and it is preloaded intentionally. @ http://localhost:3002/blog/why-your-business-doesnt-show-up-on-google/:0
[   42766ms] [WARNING] The resource http://localhost:3002/images/hero/230422_Chester_Stock_Photography-84.webp was preloaded using link preload but not used within a few seconds from the window's load event. Please make sure it has an appropriate `as` value and it is preloaded intentionally. @ http://localhost:3002/blog/why-your-business-doesnt-show-up-on-google/:0
[  103943ms] [WARNING] The resource http://localhost:3002/images/hero/230422_Chester_Stock_Photography-84.webp was preloaded using link preload but not used within a few seconds from the window's load event. Please make sure it has an appropriate `as` value and it is preloaded intentionally. @ http://localhost:3002/blog/why-your-business-doesnt-show-up-on-google/:0
[  164933ms] [WARNING] The resource http://localhost:3002/images/hero/230422_Chester_Stock_Photography-84.webp was preloaded using link preload but not used within a few seconds from the window's load event. Please make sure it has an appropriate `as` value and it is preloaded intentionally. @ http://localhost:3002/blog/why-your-business-doesnt-show-up-on-google/:0
[  225944ms] [WARNING] The resource http://localhost:3002/images/hero/230422_Chester_Stock_Photography-84.webp was preloaded using link preload but not used within a few seconds from the window's load event. Please make sure it has an appropriate `as` value and it is preloaded intentionally. @ http://localhost:3002/blog/why-your-business-doesnt-show-up-on-google/:0
[  286950ms] [WARNING] The resource http://localhost:3002/images/hero/230422_Chester_Stock_Photography-84.webp was preloaded using link preload but not used within a few seconds from the window's load event. Please make sure it has an appropriate `as` value and it is preloaded intentionally. @ http://localhost:3002/blog/why-your-business-doesnt-show-up-on-google/:0
[  337853ms] [WARNING] The resource http://localhost:3002/images/hero/230422_Chester_Stock_Photography-84.webp was preloaded using link preload but not used within a few seconds from the window's load event. Please make sure it has an appropriate `as` value and it is preloaded intentionally. @ http://localhost:3002/blog/why-your-business-doesnt-show-up-on-google/:0
